[0m[[0m[0mdebug[0m] [0m[0m> Exec(reload, None, None)[0m
[0m[[0m[0mdebug[0m] [0m[0m> Exec(sbtStashOnFailure, None, None)[0m
[0m[[0m[0mdebug[0m] [0m[0m> Exec(onFailure loadFailed, None, None)[0m
[0m[[0m[0mdebug[0m] [0m[0m> Exec(loadp, None, None)[0m
[0m[[0m[0minfo[0m] [0m[0mwelcome to sbt 1.5.5 (Ubuntu Java 11.0.11)[0m
[0m[[0m[0mdebug[0m] [0m[0m                        Load.defaultLoad until apply took 2.506601ms[0m
[0m[[0m[0mdebug[0m] [0m[0m                                        Load.loadUnit: plugins took 15.037418ms[0m
[0m[[0m[0mdebug[0m] [0m[0m                                        Load.loadUnit: defsScala took 0.006383ms[0m
[0m[[0m[0mdebug[0m] [0m[0m[Loading] Scanning directory /home/student/BigData/project/project[0m
[0m[[0m[0mdebug[0m] [0m[0m[Loading] Found non-root projects [0m
[0m[[0m[0mdebug[0m] [0m[0m[Loading] Done in /home/student/BigData/project/project, returning: ()[0m
[0m[[0m[0mdebug[0m] [0m[0mdeducing auto plugins based on known facts Set(Atom(sbt.plugins.CorePlugin)) and clauses Clauses(Clause(Atom(sbt.plugins.JvmPlugin),Set(Atom(sbt.plugins.IvyPlugin)))[0m
[0m[[0m[0mdebug[0m] [0m[0mClause(Atom(sbt.ScriptedPlugin),Set(Atom(sbt.plugins.JvmPlugin)))[0m
[0m[[0m[0mdebug[0m] [0m[0mClause(Atom(sbt.plugins.SbtPlugin),Set(Atom(sbt.ScriptedPlugin)))[0m
[0m[[0m[0mdebug[0m] [0m[0mClause(Atom(sbt.plugins.SemanticdbPlugin),Set(Atom(sbt.plugins.JvmPlugin)))[0m
[0m[[0m[0mdebug[0m] [0m[0mClause(Atom(sbt.plugins.JUnitXmlReportPlugin),Set(Atom(sbt.plugins.JvmPlugin)))[0m
[0m[[0m[0mdebug[0m] [0m[0mClause(Atom(sbt.plugins.MiniDependencyTreePlugin),Set(Atom(sbt.plugins.JvmPlugin)))[0m
[0m[[0m[0mdebug[0m] [0m[0mClause(Atom(sbt.plugins.CorePlugin),Set(Atom(sbt.plugins.IvyPlugin)))[0m
[0m[[0m[0mdebug[0m] [0m[0mClause(Atom(sbt.plugins.IvyPlugin),Set(Atom(sbt.plugins.JvmPlugin)))[0m
[0m[[0m[0mdebug[0m] [0m[0mClause(Atom(sbt.plugins.JvmPlugin),Set(Atom(sbt.plugins.SemanticdbPlugin)))[0m
[0m[[0m[0mdebug[0m] [0m[0mClause(Atom(sbt.plugins.JvmPlugin),Set(Atom(sbt.plugins.JUnitXmlReportPlugin)))[0m
[0m[[0m[0mdebug[0m] [0m[0mClause(Atom(sbt.plugins.CorePlugin),Set(Atom(sbt.plugins.Giter8TemplatePlugin)))[0m
[0m[[0m[0mdebug[0m] [0m[0mClause(Atom(sbt.plugins.JvmPlugin),Set(Atom(sbt.plugins.MiniDependencyTreePlugin))))[0m
[0m[[0m[0mdebug[0m] [0m[0m  :: deduced result: Matched(sbt.plugins.CorePlugin,sbt.plugins.Giter8TemplatePlugin,sbt.plugins.IvyPlugin,sbt.plugins.JvmPlugin,sbt.plugins.MiniDependencyTreePlugin,sbt.plugins.JUnitXmlReportPlugin,sbt.plugins.SemanticdbPlugin)[0m
[0m[[0m[0mdebug[0m] [0m[0mPlugins.deducer#function took 1.062787 ms[0m
[0m[[0m[0mdebug[0m] [0m[0m                                            Load.resolveProject(bigdata-build-build) took 2.043529ms[0m
[0m[[0m[0mdebug[0m] [0m[0m                                          Load.loadTransitive: finalizeProject(Project(id bigdata-build-build, base: /home/student/BigData/project/project, plugins: List(<none>))) took 3.675457ms[0m
[0m[[0m[0mdebug[0m] [0m[0m[Loading] Done in /home/student/BigData/project/project, returning: (bigdata-build-build)[0m
[0m[[0m[0mdebug[0m] [0m[0m                                        Load.loadUnit: loadedProjectsRaw took 4.487541ms[0m
[0m[[0m[0mdebug[0m] [0m[0m                                        Load.loadUnit: cleanEvalClasses took 0.017723ms[0m
[0m[[0m[0mdebug[0m] [0m[0m                                      Load.loadUnit(file:/home/student/BigData/project/project/, ...) took 19.95257ms[0m
[0m[[0m[0mdebug[0m] [0m[0m                                    Load.apply: load took 21.003254ms[0m
[0m[[0m[0mdebug[0m] [0m[0m                                    Load.apply: resolveProjects took 0.108645ms[0m
[0m[[0m[0mdebug[0m] [0m[0m                                    Load.apply: finalTransforms took 6.75643ms[0m
[0m[[0m[0mdebug[0m] [0m[0m                                    Load.apply: config.delegates took 0.633686ms[0m
[0m[[0m[0mdebug[0m] [0m[0m                                    Load.apply: Def.make(settings)... took 69.389103ms[0m
[0m[[0m[0mdebug[0m] [0m[0m                                    Load.apply: structureIndex took 22.826689ms[0m
[0m[[0m[0mdebug[0m] [0m[0m                                    Load.apply: mkStreams took 0.004078ms[0m
[0m[[0m[0minfo[0m] [0m[0mloading project definition from /home/student/BigData/project/project[0m
[0m[[0m[0mdebug[0m] [0m[0mRunning task... Cancel: Signal, check cycles: false, forcegc: true[0m
[0m[[0m[0mdebug[0m] [0m[0m                                  Load.loadUnit: plugins took 259.591009ms[0m
[0m[[0m[0mdebug[0m] [0m[0m                                  Load.loadUnit: defsScala took 0.007514ms[0m
[0m[[0m[0mdebug[0m] [0m[0m[Loading] Scanning directory /home/student/BigData/project[0m
[0m[[0m[0mdebug[0m] [0m[0m                                    Load.loadUnit: mkEval took 0.337297ms[0m
[0m[[0m[0mdebug[0m] [0m[0m[Loading] Found non-root projects [0m
[0m[[0m[0mdebug[0m] [0m[0m[Loading] Done in /home/student/BigData/project, returning: ()[0m
[0m[[0m[0mdebug[0m] [0m[0mdeducing auto plugins based on known facts Set(Atom(sbt.plugins.CorePlugin)) and clauses Clauses(Clause(Atom(sbt.plugins.JvmPlugin),Set(Atom(sbt.plugins.IvyPlugin)))[0m
[0m[[0m[0mdebug[0m] [0m[0mClause(Atom(sbt.ScriptedPlugin),Set(Atom(sbt.plugins.JvmPlugin)))[0m
[0m[[0m[0mdebug[0m] [0m[0mClause(Atom(sbt.plugins.SbtPlugin),Set(Atom(sbt.ScriptedPlugin)))[0m
[0m[[0m[0mdebug[0m] [0m[0mClause(Atom(sbt.plugins.SemanticdbPlugin),Set(Atom(sbt.plugins.JvmPlugin)))[0m
[0m[[0m[0mdebug[0m] [0m[0mClause(Atom(sbt.plugins.JUnitXmlReportPlugin),Set(Atom(sbt.plugins.JvmPlugin)))[0m
[0m[[0m[0mdebug[0m] [0m[0mClause(Atom(sbt.plugins.MiniDependencyTreePlugin),Set(Atom(sbt.plugins.JvmPlugin)))[0m
[0m[[0m[0mdebug[0m] [0m[0mClause(Atom(sbt.plugins.CorePlugin),Set(Atom(sbt.plugins.IvyPlugin)))[0m
[0m[[0m[0mdebug[0m] [0m[0mClause(Atom(sbt.plugins.IvyPlugin),Set(Atom(sbt.plugins.JvmPlugin)))[0m
[0m[[0m[0mdebug[0m] [0m[0mClause(Atom(sbt.plugins.JvmPlugin),Set(Atom(sbt.plugins.SemanticdbPlugin)))[0m
[0m[[0m[0mdebug[0m] [0m[0mClause(Atom(sbt.plugins.JvmPlugin),Set(Atom(sbt.plugins.JUnitXmlReportPlugin)))[0m
[0m[[0m[0mdebug[0m] [0m[0mClause(Atom(sbt.plugins.CorePlugin),Set(Atom(sbt.plugins.Giter8TemplatePlugin)))[0m
[0m[[0m[0mdebug[0m] [0m[0mClause(Atom(sbt.plugins.JvmPlugin),Set(Atom(sbt.plugins.MiniDependencyTreePlugin))))[0m
[0m[[0m[0mdebug[0m] [0m[0m  :: deduced result: Matched(sbt.plugins.CorePlugin,sbt.plugins.Giter8TemplatePlugin,sbt.plugins.IvyPlugin,sbt.plugins.JvmPlugin,sbt.plugins.MiniDependencyTreePlugin,sbt.plugins.JUnitXmlReportPlugin,sbt.plugins.SemanticdbPlugin)[0m
[0m[[0m[0mdebug[0m] [0m[0mPlugins.deducer#function took 0.94768 ms[0m
[0m[[0m[0minfo[0m] [0m[0mloading settings for project bigdata-build from build.sbt ...[0m
[0m[[0m[0mdebug[0m] [0m[0m                                      Load.resolveProject(bigdata-build) took 1.950797ms[0m
[0m[[0m[0mdebug[0m] [0m[0m                                    Load.loadTransitive: finalizeProject(Project(id bigdata-build, base: /home/student/BigData/project, plugins: List(<none>))) took 3.331304ms[0m
[0m[[0m[0mdebug[0m] [0m[0m[Loading] Done in /home/student/BigData/project, returning: (bigdata-build)[0m
[0m[[0m[0mdebug[0m] [0m[0m                                  Load.loadUnit: loadedProjectsRaw took 20.70786ms[0m
[0m[[0m[0mdebug[0m] [0m[0m                                  Load.loadUnit: cleanEvalClasses took 0.944002ms[0m
[0m[[0m[0mdebug[0m] [0m[0m                                Load.loadUnit(file:/home/student/BigData/project/, ...) took 281.640021ms[0m
[0m[[0m[0mdebug[0m] [0m[0m                              Load.apply: load took 282.848214ms[0m
[0m[[0m[0mdebug[0m] [0m[0m                              Load.apply: resolveProjects took 0.114305ms[0m
[0m[[0m[0mdebug[0m] [0m[0m                              Load.apply: finalTransforms took 6.056771ms[0m
[0m[[0m[0mdebug[0m] [0m[0m                              Load.apply: config.delegates took 0.415915ms[0m
[0m[[0m[0mdebug[0m] [0m[0m                              Load.apply: Def.make(settings)... took 62.387249ms[0m
[0m[[0m[0mdebug[0m] [0m[0m                              Load.apply: structureIndex took 20.923234ms[0m
[0m[[0m[0mdebug[0m] [0m[0m                              Load.apply: mkStreams took 0.003537ms[0m
[0m[[0m[0minfo[0m] [0m[0mloading project definition from /home/student/BigData/project[0m
[0m[[0m[0mdebug[0m] [0m[0mRunning task... Cancel: Signal, check cycles: false, forcegc: true[0m
[0m[[0m[0minfo[0m] [0m[0mcompiling 1 Scala source to /home/student/BigData/project/target/scala-2.12/sbt-1.0/classes ...[0m
[0m[[0m[31merror[0m] [0m[0m/home/student/BigData/project/MongoGetPostSocioEcons.scala:94:37: type mismatch;[0m
[0m[[0m[31merror[0m] [0m[0m found   : (String, Option[Float])[0m
[0m[[0m[31merror[0m] [0m[0m required: org.mongodb.scala.bson.BsonMagnets.CanBeBsonElement[0m
[0m[[0m[31merror[0m] [0m[0m            "populationInThousands" -> parseFloat(row(4)),[0m
[0m[[0m[31merror[0m] [0m[0m                                    ^[0m
[0m[[0m[31merror[0m] [0m[0m/home/student/BigData/project/MongoGetPostSocioEcons.scala:95:19: type mismatch;[0m
[0m[[0m[31merror[0m] [0m[0m found   : (String, Option[Float])[0m
[0m[[0m[31merror[0m] [0m[0m required: org.mongodb.scala.bson.BsonMagnets.CanBeBsonElement[0m
[0m[[0m[31merror[0m] [0m[0m            "gdp" -> parseFloat(row(7)),[0m
[0m[[0m[31merror[0m] [0m[0m                  ^[0m
[0m[[0m[31merror[0m] [0m[0m/home/student/BigData/project/MongoGetPostSocioEcons.scala:96:28: type mismatch;[0m
[0m[[0m[31merror[0m] [0m[0m found   : (String, Option[Float])[0m
[0m[[0m[31merror[0m] [0m[0m required: org.mongodb.scala.bson.BsonMagnets.CanBeBsonElement[0m
[0m[[0m[31merror[0m] [0m[0m            "gdpPerCapita" -> parseFloat(row(9)),[0m
[0m[[0m[31merror[0m] [0m[0m                           ^[0m
[0m[[0m[31merror[0m] [0m[0m/home/student/BigData/project/MongoGetPostSocioEcons.scala:97:28: type mismatch;[0m
[0m[[0m[31merror[0m] [0m[0m found   : (String, Option[Float])[0m
[0m[[0m[31merror[0m] [0m[0m required: org.mongodb.scala.bson.BsonMagnets.CanBeBsonElement[0m
[0m[[0m[31merror[0m] [0m[0m            "unemployment" -> parseFloat(row(16)),[0m
[0m[[0m[31merror[0m] [0m[0m                           ^[0m
[0m[[0m[31merror[0m] [0m[0m/home/student/BigData/project/MongoGetPostSocioEcons.scala:98:33: type mismatch;[0m
[0m[[0m[31merror[0m] [0m[0m found   : (String, Option[Float])[0m
[0m[[0m[31merror[0m] [0m[0m required: org.mongodb.scala.bson.BsonMagnets.CanBeBsonElement[0m
[0m[[0m[31merror[0m] [0m[0m            "labourForceGender" -> parseFloat(row(17)),[0m
[0m[[0m[31merror[0m] [0m[0m                                ^[0m
[0m[[0m[31merror[0m] [0m[0m/home/student/BigData/project/MongoGetPostSocioEcons.scala:99:35: type mismatch;[0m
[0m[[0m[31merror[0m] [0m[0m found   : (String, Option[Float])[0m
[0m[[0m[31merror[0m] [0m[0m required: org.mongodb.scala.bson.BsonMagnets.CanBeBsonElement[0m
[0m[[0m[31merror[0m] [0m[0m            "popGrowthRateAnnual" -> parseFloat(row(24)),[0m
[0m[[0m[31merror[0m] [0m[0m                                  ^[0m
[0m[[0m[31merror[0m] [0m[0m/home/student/BigData/project/MongoGetPostSocioEcons.scala:100:24: type mismatch;[0m
[0m[[0m[31merror[0m] [0m[0m found   : (String, Option[Float])[0m
[0m[[0m[31merror[0m] [0m[0m required: org.mongodb.scala.bson.BsonMagnets.CanBeBsonElement[0m
[0m[[0m[31merror[0m] [0m[0m            "urbanPop" -> parseFloat(row(25)),[0m
[0m[[0m[31merror[0m] [0m[0m                       ^[0m
[0m[[0m[31merror[0m] [0m[0m/home/student/BigData/project/MongoGetPostSocioEcons.scala:101:30: type mismatch;[0m
[0m[[0m[31merror[0m] [0m[0m found   : (String, Option[Float])[0m
[0m[[0m[31merror[0m] [0m[0m required: org.mongodb.scala.bson.BsonMagnets.CanBeBsonElement[0m
[0m[[0m[31merror[0m] [0m[0m            "urbanPopGrowth" -> parseFloat(row(26)),[0m
[0m[[0m[31merror[0m] [0m[0m                             ^[0m
[0m[[0m[31merror[0m] [0m[0m/home/student/BigData/project/MongoGetPostSocioEcons.scala:102:38: type mismatch;[0m
[0m[[0m[31merror[0m] [0m[0m found   : (String, Option[Float])[0m
[0m[[0m[31merror[0m] [0m[0m required: org.mongodb.scala.bson.BsonMagnets.CanBeBsonElement[0m
[0m[[0m[31merror[0m] [0m[0m            "healthTotalExpenditure" -> parseFloat(row(32)),[0m
[0m[[0m[31merror[0m] [0m[0m                                     ^[0m
[0m[[0m[31merror[0m] [0m[0m/home/student/BigData/project/MongoGetPostSocioEcons.scala:103:41: type mismatch;[0m
[0m[[0m[31merror[0m] [0m[0m found   : (String, Option[Float])[0m
[0m[[0m[31merror[0m] [0m[0m required: org.mongodb.scala.bson.BsonMagnets.CanBeBsonElement[0m
[0m[[0m[31merror[0m] [0m[0m            "educationTotalExpenditure" -> parseFloat(row(34)),[0m
[0m[[0m[31merror[0m] [0m[0m                                        ^[0m
[0m[[0m[31merror[0m] [0m[0m/home/student/BigData/project/MongoGetPostSocioEcons.scala:105:34: type mismatch;[0m
[0m[[0m[31merror[0m] [0m[0m found   : (String, Option[Float])[0m
[0m[[0m[31merror[0m] [0m[0m required: org.mongodb.scala.bson.BsonMagnets.CanBeBsonElement[0m
[0m[[0m[31merror[0m] [0m[0m            "qualityOfLifeIndex" -> parseFloat(row(50)),[0m
[0m[[0m[31merror[0m] [0m[0m                                 ^[0m
[0m[[0m[31merror[0m] [0m[0m/home/student/BigData/project/MongoGetPostSocioEcons.scala:106:36: type mismatch;[0m
[0m[[0m[31merror[0m] [0m[0m found   : (String, Option[Float])[0m
[0m[[0m[31merror[0m] [0m[0m required: org.mongodb.scala.bson.BsonMagnets.CanBeBsonElement[0m
[0m[[0m[31merror[0m] [0m[0m            "purchasingPowerIndex" -> parseFloat(row(51)),[0m
[0m[[0m[31merror[0m] [0m[0m                                   ^[0m
[0m[[0m[31merror[0m] [0m[0m/home/student/BigData/project/MongoGetPostSocioEcons.scala:107:27: type mismatch;[0m
[0m[[0m[31merror[0m] [0m[0m found   : (String, Option[Float])[0m
[0m[[0m[31merror[0m] [0m[0m required: org.mongodb.scala.bson.BsonMagnets.CanBeBsonElement[0m
[0m[[0m[31merror[0m] [0m[0m            "safetyIndex" -> parseFloat(row(52)),[0m
[0m[[0m[31merror[0m] [0m[0m                          ^[0m
[0m[[0m[31merror[0m] [0m[0m/home/student/BigData/project/MongoGetPostSocioEcons.scala:108:31: type mismatch;[0m
[0m[[0m[31merror[0m] [0m[0m found   : (String, Option[Float])[0m
[0m[[0m[31merror[0m] [0m[0m required: org.mongodb.scala.bson.BsonMagnets.CanBeBsonElement[0m
[0m[[0m[31merror[0m] [0m[0m            "healthCareIndex" -> parseFloat(row(53)),[0m
[0m[[0m[31merror[0m] [0m[0m                              ^[0m
[0m[[0m[31merror[0m] [0m[0m/home/student/BigData/project/MongoGetPostSocioEcons.scala:109:40: type mismatch;[0m
[0m[[0m[31merror[0m] [0m[0m found   : (String, Option[Float])[0m
[0m[[0m[31merror[0m] [0m[0m required: org.mongodb.scala.bson.BsonMagnets.CanBeBsonElement[0m
[0m[[0m[31merror[0m] [0m[0m            "propertyPriceIncomeRatio" -> parseFloat(row(55)),[0m
[0m[[0m[31merror[0m] [0m[0m                                       ^[0m
[0m[[0m[31merror[0m] [0m[0m/home/student/BigData/project/MongoGetPostSocioEcons.scala:110:34: type mismatch;[0m
[0m[[0m[31merror[0m] [0m[0m found   : (String, Option[Float])[0m
[0m[[0m[31merror[0m] [0m[0m required: org.mongodb.scala.bson.BsonMagnets.CanBeBsonElement[0m
[0m[[0m[31merror[0m] [0m[0m            "affordabilityIndex" -> parseFloat(row(64)),[0m
[0m[[0m[31merror[0m] [0m[0m                                 ^[0m
[0m[[0m[31merror[0m] [0m[0m/home/student/BigData/project/MongoGetPostSocioEcons.scala:111:33: type mismatch;[0m
[0m[[0m[31merror[0m] [0m[0m found   : (String, Option[Float])[0m
[0m[[0m[31merror[0m] [0m[0m required: org.mongodb.scala.bson.BsonMagnets.CanBeBsonElement[0m
[0m[[0m[31merror[0m] [0m[0m            "costOfLivingIndex" -> parseFloat(row(65)),[0m
[0m[[0m[31merror[0m] [0m[0m                                ^[0m
[0m[[0m[31merror[0m] [0m[0m/home/student/BigData/project/MongoGetPostSocioEcons.scala:112:41: type mismatch;[0m
[0m[[0m[31merror[0m] [0m[0m found   : (String, Option[Float])[0m
[0m[[0m[31merror[0m] [0m[0m required: org.mongodb.scala.bson.BsonMagnets.CanBeBsonElement[0m
[0m[[0m[31merror[0m] [0m[0m            "costOfLivingPlusRentIndex" -> parseFloat(row(67)),[0m
[0m[[0m[31merror[0m] [0m[0m                                        ^[0m
[0m[[0m[31merror[0m] [0m[0m/home/student/BigData/project/MongoGetPostSocioEcons.scala:113:30: type mismatch;[0m
[0m[[0m[31merror[0m] [0m[0m found   : (String, Option[Float])[0m
[0m[[0m[31merror[0m] [0m[0m required: org.mongodb.scala.bson.BsonMagnets.CanBeBsonElement[0m
[0m[[0m[31merror[0m] [0m[0m            "lifeExpectancy" -> parseFloat(row(89)),[0m
[0m[[0m[31merror[0m] [0m[0m                             ^[0m
[0m[[0m[31merror[0m] [0m[0m/home/student/BigData/project/MongoGetPostSocioEcons.scala:114:35: type mismatch;[0m
[0m[[0m[31merror[0m] [0m[0m found   : (String, Option[Float])[0m
[0m[[0m[31merror[0m] [0m[0m required: org.mongodb.scala.bson.BsonMagnets.CanBeBsonElement[0m
[0m[[0m[31merror[0m] [0m[0m            "militaryExpenditure" -> parseFloat(row(90)),[0m
[0m[[0m[31merror[0m] [0m[0m                                  ^[0m
[0m[[0m[31merror[0m] [0m[0m/home/student/BigData/project/MongoGetPostSocioEcons.scala:115:26: type mismatch;[0m
[0m[[0m[31merror[0m] [0m[0m found   : (String, Option[Float])[0m
[0m[[0m[31merror[0m] [0m[0m required: org.mongodb.scala.bson.BsonMagnets.CanBeBsonElement[0m
[0m[[0m[31merror[0m] [0m[0m            "taxRevenue" -> parseFloat(row(93))[0m
[0m[[0m[31merror[0m] [0m[0m                         ^[0m
[0m[[0m[31merror[0m] [0m[0m21 errors found[0m
[0m[[0m[31merror[0m] [0m[0m(Compile / [31mcompileIncremental[0m) Compilation failed[0m
[0m[[0m[0mdebug[0m] [0m[0m> Exec(loadFailed, None, None)[0m
[0m[[0m[33mwarn[0m] [0m[0mProject loading failed: (r)etry, (q)uit, (l)ast, or (i)gnore? (default: r)[0m
